2022-05-23 12:28:11.658 [JavaFX Application Thread] INFO  at.technikum.tourplanner.MainApplication - Starting Tour Planner Pro...
2022-05-23 12:46:21.904 [JavaFX Application Thread] INFO  at.technikum.tourplanner.MainApplication - Starting Tour Planner Pro...
2022-05-23 12:46:37.353 [JavaFX Application Thread] ERROR at.technikum.tourplanner.business.tour.TourServiceImpl - FROM : sdfsd
2022-05-23 12:46:37.353 [JavaFX Application Thread] ERROR at.technikum.tourplanner.business.tour.TourServiceImpl - TO : sdfsd
2022-05-23 12:46:37.353 [JavaFX Application Thread] ERROR at.technikum.tourplanner.business.tour.TourServiceImpl - Distance : 0.0
2022-05-23 12:47:54.750 [JavaFX Application Thread] INFO  at.technikum.tourplanner.MainApplication - Stopping Tour Planner Pro...
2022-05-23 12:48:05.496 [JavaFX Application Thread] INFO  at.technikum.tourplanner.MainApplication - Starting Tour Planner Pro...
2022-05-23 12:48:09.729 [JavaFX Application Thread] INFO  at.technikum.tourplanner.MainApplication - Stopping Tour Planner Pro...
2022-05-23 12:48:16.752 [JavaFX Application Thread] INFO  at.technikum.tourplanner.MainApplication - Starting Tour Planner Pro...
2022-05-23 12:48:26.526 [JavaFX Application Thread] INFO  at.technikum.tourplanner.MainApplication - Stopping Tour Planner Pro...
2022-05-23 12:48:34.364 [JavaFX Application Thread] INFO  at.technikum.tourplanner.MainApplication - Starting Tour Planner Pro...
2022-05-23 12:49:10.418 [JavaFX Application Thread] INFO  at.technikum.tourplanner.MainApplication - Stopping Tour Planner Pro...
2022-05-23 12:53:12.366 [JavaFX Application Thread] INFO  at.technikum.tourplanner.MainApplication - Starting Tour Planner Pro...
2022-05-23 12:53:31.491 [JavaFX Application Thread] ERROR at.technikum.tourplanner.config.ConfigurationManagerImpl - route body - error
2022-05-23 12:53:31.491 [JavaFX Application Thread] ERROR at.technikum.tourplanner.business.tour.TourServiceImpl - SAVE TOUR ROUTE=[Lat.technikum.tourplanner.models.Route;@67ce645b
2022-05-23 12:53:36.198 [JavaFX Application Thread] ERROR at.technikum.tourplanner.config.ConfigurationManagerImpl - route body - error
2022-05-23 12:53:36.199 [JavaFX Application Thread] ERROR at.technikum.tourplanner.business.tour.TourServiceImpl - SAVE TOUR ROUTE=[Lat.technikum.tourplanner.models.Route;@41d74ea2
2022-05-23 12:54:00.315 [JavaFX Application Thread] INFO  at.technikum.tourplanner.MainApplication - Stopping Tour Planner Pro...
2022-05-23 12:56:51.121 [JavaFX Application Thread] INFO  at.technikum.tourplanner.MainApplication - Starting Tour Planner Pro...
2022-05-23 12:56:53.997 [JavaFX Application Thread] INFO  at.technikum.tourplanner.MainApplication - Stopping Tour Planner Pro...
2022-05-23 12:57:03.731 [JavaFX Application Thread] INFO  at.technikum.tourplanner.MainApplication - Starting Tour Planner Pro...
2022-05-23 12:57:14.784 [JavaFX Application Thread] ERROR at.technikum.tourplanner.config.ConfigurationManagerImpl - route body - error
2022-05-23 12:57:14.784 [JavaFX Application Thread] ERROR at.technikum.tourplanner.business.tour.TourServiceImpl - SAVE TOUR ROUTE=[Lat.technikum.tourplanner.models.Route;@6b344fee
2022-05-23 12:58:05.416 [JavaFX Application Thread] INFO  at.technikum.tourplanner.MainApplication - Starting Tour Planner Pro...
2022-05-23 12:59:20.245 [JavaFX Application Thread] INFO  at.technikum.tourplanner.MainApplication - Starting Tour Planner Pro...
2022-05-23 12:59:36.546 [JavaFX Application Thread] ERROR at.technikum.tourplanner.business.tour.TourServiceImpl - FROM : ewf
2022-05-23 12:59:36.547 [JavaFX Application Thread] ERROR at.technikum.tourplanner.business.tour.TourServiceImpl - TO : ewf
2022-05-23 12:59:36.547 [JavaFX Application Thread] ERROR at.technikum.tourplanner.business.tour.TourServiceImpl - Distance : 0.0
2022-05-23 13:00:00.668 [JavaFX Application Thread] INFO  at.technikum.tourplanner.MainApplication - Stopping Tour Planner Pro...
2022-05-23 13:02:54.694 [JavaFX Application Thread] INFO  at.technikum.tourplanner.MainApplication - Starting Tour Planner Pro...
2022-05-23 13:03:50.153 [JavaFX Application Thread] INFO  at.technikum.tourplanner.MainApplication - Stopping Tour Planner Pro...
2022-05-23 13:03:54.720 [JavaFX Application Thread] INFO  at.technikum.tourplanner.MainApplication - Starting Tour Planner Pro...
2022-05-23 13:04:16.568 [JavaFX Application Thread] INFO  at.technikum.tourplanner.MainApplication - Stopping Tour Planner Pro...
2022-05-23 13:04:23.525 [JavaFX Application Thread] INFO  at.technikum.tourplanner.MainApplication - Starting Tour Planner Pro...
2022-05-23 13:04:28.980 [JavaFX Application Thread] INFO  at.technikum.tourplanner.MainApplication - Stopping Tour Planner Pro...
2022-05-23 13:05:08.552 [JavaFX Application Thread] INFO  at.technikum.tourplanner.MainApplication - Starting Tour Planner Pro...
2022-05-23 13:05:46.374 [JavaFX Application Thread] INFO  at.technikum.tourplanner.MainApplication - Stopping Tour Planner Pro...
2022-05-23 13:06:58.016 [JavaFX Application Thread] INFO  at.technikum.tourplanner.MainApplication - Starting Tour Planner Pro...
2022-05-23 13:07:33.066 [JavaFX Application Thread] INFO  at.technikum.tourplanner.MainApplication - Stopping Tour Planner Pro...
2022-05-23 13:07:37.966 [JavaFX Application Thread] INFO  at.technikum.tourplanner.MainApplication - Starting Tour Planner Pro...
2022-05-23 13:07:40.530 [JavaFX Application Thread] INFO  at.technikum.tourplanner.MainApplication - Stopping Tour Planner Pro...
2022-05-23 13:08:01.487 [JavaFX Application Thread] INFO  at.technikum.tourplanner.MainApplication - Starting Tour Planner Pro...
2022-05-23 13:08:10.213 [JavaFX Application Thread] INFO  at.technikum.tourplanner.MainApplication - Stopping Tour Planner Pro...
2022-05-23 13:09:17.434 [JavaFX Application Thread] INFO  at.technikum.tourplanner.MainApplication - Starting Tour Planner Pro...
2022-05-23 13:09:25.895 [JavaFX Application Thread] ERROR at.technikum.tourplanner.config.ConfigurationManagerImpl - route body - error
2022-05-23 13:09:25.895 [JavaFX Application Thread] ERROR at.technikum.tourplanner.business.tour.TourServiceImpl - SAVE TOUR ROUTE=[Lat.technikum.tourplanner.models.Route;@21ddfb8e
2022-05-23 13:09:41.439 [JavaFX Application Thread] INFO  at.technikum.tourplanner.MainApplication - Stopping Tour Planner Pro...
2022-05-23 13:09:46.393 [JavaFX Application Thread] INFO  at.technikum.tourplanner.MainApplication - Starting Tour Planner Pro...
2022-05-23 13:10:51.889 [JavaFX Application Thread] INFO  at.technikum.tourplanner.MainApplication - Stopping Tour Planner Pro...
2022-05-23 13:10:56.231 [JavaFX Application Thread] INFO  at.technikum.tourplanner.MainApplication - Starting Tour Planner Pro...
2022-05-23 13:11:06.249 [JavaFX Application Thread] ERROR at.technikum.tourplanner.business.tour.TourServiceImpl - FROM : wefrwef
2022-05-23 13:11:06.250 [JavaFX Application Thread] ERROR at.technikum.tourplanner.business.tour.TourServiceImpl - TO : wfewef
2022-05-23 13:11:06.250 [JavaFX Application Thread] ERROR at.technikum.tourplanner.business.tour.TourServiceImpl - Distance : 0.0
2022-05-23 13:11:24.793 [JavaFX Application Thread] INFO  at.technikum.tourplanner.MainApplication - Starting Tour Planner Pro...
2022-05-23 13:11:33.371 [JavaFX Application Thread] ERROR at.technikum.tourplanner.business.tour.TourServiceImpl - FROM : sdfsdf
2022-05-23 13:11:33.372 [JavaFX Application Thread] ERROR at.technikum.tourplanner.business.tour.TourServiceImpl - TO : sdfsdf
2022-05-23 13:11:33.372 [JavaFX Application Thread] ERROR at.technikum.tourplanner.business.tour.TourServiceImpl - Distance : 0.0
2022-05-23 13:12:51.746 [JavaFX Application Thread] INFO  at.technikum.tourplanner.MainApplication - Starting Tour Planner Pro...
2022-05-23 13:13:09.861 [JavaFX Application Thread] INFO  at.technikum.tourplanner.MainApplication - Stopping Tour Planner Pro...
2022-05-23 13:13:36.927 [JavaFX Application Thread] INFO  at.technikum.tourplanner.MainApplication - Starting Tour Planner Pro...
2022-05-23 13:13:47.356 [JavaFX Application Thread] ERROR at.technikum.tourplanner.business.tour.TourServiceImpl - FROM : sdfsdf
2022-05-23 13:13:47.357 [JavaFX Application Thread] ERROR at.technikum.tourplanner.business.tour.TourServiceImpl - TO : sdfsdf
2022-05-23 13:13:47.357 [JavaFX Application Thread] ERROR at.technikum.tourplanner.business.tour.TourServiceImpl - Distance : 0.0
2022-05-23 13:13:53.876 [JavaFX Application Thread] INFO  at.technikum.tourplanner.MainApplication - Stopping Tour Planner Pro...
2022-05-23 13:14:02.482 [JavaFX Application Thread] INFO  at.technikum.tourplanner.MainApplication - Starting Tour Planner Pro...
2022-05-23 13:14:46.462 [JavaFX Application Thread] INFO  at.technikum.tourplanner.MainApplication - Stopping Tour Planner Pro...
